<?xml version="1.0" encoding="UTF-8"?>
<!-- Generated by org.testng.reporters.JUnitReportReporter -->
<testsuite hostname="JSP-JNTU-HYD" failures="0" tests="1" name="programs.TC_02" time="0.012" errors="0" timestamp="2022-12-05T21:05:50 IST" skipped="0">
  <testcase classname="programs.TC_02" name="rajaRani" time="0.012"/>
  <system-out/>
</testsuite> <!-- programs.TC_02 -->
